<?xml version="1.0" encoding="UTF-8"?>
<testsuite name="org.springframework.social.yahoo.oauth1.CustomOAuth1TemplateTest" tests="2" skipped="0" failures="2" errors="0" timestamp="2015-07-14T09:43:52" hostname="Khalils-MacBook-Pro.local" time="3.092">
  <properties/>
  <testcase name="testExchangeForYahooAccessToken" classname="org.springframework.social.yahoo.oauth1.CustomOAuth1TemplateTest" time="3.039">
    <failure message="java.lang.AssertionError: expected:&lt;9876543210&gt; but was:&lt;null&gt;" type="java.lang.AssertionError">java.lang.AssertionError: expected:&lt;9876543210&gt; but was:&lt;null&gt;
	at org.junit.Assert.fail(Assert.java:88)
	at org.junit.Assert.failNotEquals(Assert.java:743)
	at org.junit.Assert.assertEquals(Assert.java:118)
	at org.junit.Assert.assertEquals(Assert.java:144)
	at org.springframework.social.yahoo.oauth1.CustomOAuth1TemplateTest.testExchangeForYahooAccessToken(CustomOAuth1TemplateTest.java:81)
	at sun.reflect.NativeMethodAccessorImpl.invoke0(Native Method)
	at sun.reflect.NativeMethodAccessorImpl.invoke(NativeMethodAccessorImpl.java:62)
	at sun.reflect.DelegatingMethodAccessorImpl.invoke(DelegatingMethodAccessorImpl.java:43)
	at java.lang.reflect.Method.invoke(Method.java:497)
	at org.junit.runners.model.FrameworkMethod$1.runReflectiveCall(FrameworkMethod.java:47)
	at org.junit.internal.runners.model.ReflectiveCallable.run(ReflectiveCallable.java:12)
	at org.junit.runners.model.FrameworkMethod.invokeExplosively(FrameworkMethod.java:44)
	at org.junit.internal.runners.statements.InvokeMethod.evaluate(InvokeMethod.java:17)
	at org.junit.internal.runners.statements.RunBefores.evaluate(RunBefores.java:26)
	at org.junit.runners.ParentRunner.runLeaf(ParentRunner.java:271)
	at org.junit.runners.BlockJUnit4ClassRunner.runChild(BlockJUnit4ClassRunner.java:70)
	at org.junit.runners.BlockJUnit4ClassRunner.runChild(BlockJUnit4ClassRunner.java:50)
	at org.junit.runners.ParentRunner$3.run(ParentRunner.java:238)
	at org.junit.runners.ParentRunner$1.schedule(ParentRunner.java:63)
	at org.junit.runners.ParentRunner.runChildren(ParentRunner.java:236)
	at org.junit.runners.ParentRunner.access$000(ParentRunner.java:53)
	at org.junit.runners.ParentRunner$2.evaluate(ParentRunner.java:229)
	at org.junit.runners.ParentRunner.run(ParentRunner.java:309)
	at org.gradle.api.internal.tasks.testing.junit.JUnitTestClassExecuter.runTestClass(JUnitTestClassExecuter.java:86)
	at org.gradle.api.internal.tasks.testing.junit.JUnitTestClassExecuter.execute(JUnitTestClassExecuter.java:49)
	at org.gradle.api.internal.tasks.testing.junit.JUnitTestClassProcessor.processTestClass(JUnitTestClassProcessor.java:64)
	at org.gradle.api.internal.tasks.testing.SuiteTestClassProcessor.processTestClass(SuiteTestClassProcessor.java:50)
	at sun.reflect.NativeMethodAccessorImpl.invoke0(Native Method)
	at sun.reflect.NativeMethodAccessorImpl.invoke(NativeMethodAccessorImpl.java:62)
	at sun.reflect.DelegatingMethodAccessorImpl.invoke(DelegatingMethodAccessorImpl.java:43)
	at java.lang.reflect.Method.invoke(Method.java:497)
	at org.gradle.messaging.dispatch.ReflectionDispatch.dispatch(ReflectionDispatch.java:35)
	at org.gradle.messaging.dispatch.ReflectionDispatch.dispatch(ReflectionDispatch.java:24)
	at org.gradle.messaging.dispatch.ContextClassLoaderDispatch.dispatch(ContextClassLoaderDispatch.java:32)
	at org.gradle.messaging.dispatch.ProxyDispatchAdapter$DispatchingInvocationHandler.invoke(ProxyDispatchAdapter.java:93)
	at com.sun.proxy.$Proxy2.processTestClass(Unknown Source)
	at org.gradle.api.internal.tasks.testing.worker.TestWorker.processTestClass(TestWorker.java:106)
	at sun.reflect.NativeMethodAccessorImpl.invoke0(Native Method)
	at sun.reflect.NativeMethodAccessorImpl.invoke(NativeMethodAccessorImpl.java:62)
	at sun.reflect.DelegatingMethodAccessorImpl.invoke(DelegatingMethodAccessorImpl.java:43)
	at java.lang.reflect.Method.invoke(Method.java:497)
	at org.gradle.messaging.dispatch.ReflectionDispatch.dispatch(ReflectionDispatch.java:35)
	at org.gradle.messaging.dispatch.ReflectionDispatch.dispatch(ReflectionDispatch.java:24)
	at org.gradle.messaging.remote.internal.hub.MessageHub$Handler.run(MessageHub.java:360)
	at org.gradle.internal.concurrent.ExecutorPolicy$CatchAndRecordFailures.onExecute(ExecutorPolicy.java:54)
	at org.gradle.internal.concurrent.StoppableExecutorImpl$1.run(StoppableExecutorImpl.java:40)
	at java.util.concurrent.ThreadPoolExecutor.runWorker(ThreadPoolExecutor.java:1142)
	at java.util.concurrent.ThreadPoolExecutor$Worker.run(ThreadPoolExecutor.java:617)
	at java.lang.Thread.run(Thread.java:745)
</failure>
  </testcase>
  <testcase name="testFetchYahooRefreshAccessToken" classname="org.springframework.social.yahoo.oauth1.CustomOAuth1TemplateTest" time="0.053">
    <failure message="org.springframework.web.client.ResourceAccessException: I/O error on POST request for &quot;https://api.login.yahoo.com/oauth/v2/get_token&quot;:class path resource [org/springframework/social/yahoo/oauth1/accessToken.formencoded] cannot be opened because it does not exist; nested exception is java.io.FileNotFoundException: class path resource [org/springframework/social/yahoo/oauth1/accessToken.formencoded] cannot be opened because it does not exist" type="org.springframework.web.client.ResourceAccessException">org.springframework.web.client.ResourceAccessException: I/O error on POST request for &quot;https://api.login.yahoo.com/oauth/v2/get_token&quot;:class path resource [org/springframework/social/yahoo/oauth1/accessToken.formencoded] cannot be opened because it does not exist; nested exception is java.io.FileNotFoundException: class path resource [org/springframework/social/yahoo/oauth1/accessToken.formencoded] cannot be opened because it does not exist
	at org.springframework.web.client.RestTemplate.doExecute(RestTemplate.java:584)
	at org.springframework.web.client.RestTemplate.execute(RestTemplate.java:544)
	at org.springframework.web.client.RestTemplate.exchange(RestTemplate.java:465)
	at org.springframework.social.oauth1.YahooOAuth1Template.refreshAccessToken(YahooOAuth1Template.java:128)
	at org.springframework.social.oauth1.YahooOAuth1Template.fetchYahooRefreshAccessToken(YahooOAuth1Template.java:120)
	at org.springframework.social.yahoo.oauth1.CustomOAuth1TemplateTest.testFetchYahooRefreshAccessToken(CustomOAuth1TemplateTest.java:114)
	at sun.reflect.NativeMethodAccessorImpl.invoke0(Native Method)
	at sun.reflect.NativeMethodAccessorImpl.invoke(NativeMethodAccessorImpl.java:62)
	at sun.reflect.DelegatingMethodAccessorImpl.invoke(DelegatingMethodAccessorImpl.java:43)
	at java.lang.reflect.Method.invoke(Method.java:497)
	at org.junit.runners.model.FrameworkMethod$1.runReflectiveCall(FrameworkMethod.java:47)
	at org.junit.internal.runners.model.ReflectiveCallable.run(ReflectiveCallable.java:12)
	at org.junit.runners.model.FrameworkMethod.invokeExplosively(FrameworkMethod.java:44)
	at org.junit.internal.runners.statements.InvokeMethod.evaluate(InvokeMethod.java:17)
	at org.junit.internal.runners.statements.RunBefores.evaluate(RunBefores.java:26)
	at org.junit.runners.ParentRunner.runLeaf(ParentRunner.java:271)
	at org.junit.runners.BlockJUnit4ClassRunner.runChild(BlockJUnit4ClassRunner.java:70)
	at org.junit.runners.BlockJUnit4ClassRunner.runChild(BlockJUnit4ClassRunner.java:50)
	at org.junit.runners.ParentRunner$3.run(ParentRunner.java:238)
	at org.junit.runners.ParentRunner$1.schedule(ParentRunner.java:63)
	at org.junit.runners.ParentRunner.runChildren(ParentRunner.java:236)
	at org.junit.runners.ParentRunner.access$000(ParentRunner.java:53)
	at org.junit.runners.ParentRunner$2.evaluate(ParentRunner.java:229)
	at org.junit.runners.ParentRunner.run(ParentRunner.java:309)
	at org.gradle.api.internal.tasks.testing.junit.JUnitTestClassExecuter.runTestClass(JUnitTestClassExecuter.java:86)
	at org.gradle.api.internal.tasks.testing.junit.JUnitTestClassExecuter.execute(JUnitTestClassExecuter.java:49)
	at org.gradle.api.internal.tasks.testing.junit.JUnitTestClassProcessor.processTestClass(JUnitTestClassProcessor.java:64)
	at org.gradle.api.internal.tasks.testing.SuiteTestClassProcessor.processTestClass(SuiteTestClassProcessor.java:50)
	at sun.reflect.NativeMethodAccessorImpl.invoke0(Native Method)
	at sun.reflect.NativeMethodAccessorImpl.invoke(NativeMethodAccessorImpl.java:62)
	at sun.reflect.DelegatingMethodAccessorImpl.invoke(DelegatingMethodAccessorImpl.java:43)
	at java.lang.reflect.Method.invoke(Method.java:497)
	at org.gradle.messaging.dispatch.ReflectionDispatch.dispatch(ReflectionDispatch.java:35)
	at org.gradle.messaging.dispatch.ReflectionDispatch.dispatch(ReflectionDispatch.java:24)
	at org.gradle.messaging.dispatch.ContextClassLoaderDispatch.dispatch(ContextClassLoaderDispatch.java:32)
	at org.gradle.messaging.dispatch.ProxyDispatchAdapter$DispatchingInvocationHandler.invoke(ProxyDispatchAdapter.java:93)
	at com.sun.proxy.$Proxy2.processTestClass(Unknown Source)
	at org.gradle.api.internal.tasks.testing.worker.TestWorker.processTestClass(TestWorker.java:106)
	at sun.reflect.NativeMethodAccessorImpl.invoke0(Native Method)
	at sun.reflect.NativeMethodAccessorImpl.invoke(NativeMethodAccessorImpl.java:62)
	at sun.reflect.DelegatingMethodAccessorImpl.invoke(DelegatingMethodAccessorImpl.java:43)
	at java.lang.reflect.Method.invoke(Method.java:497)
	at org.gradle.messaging.dispatch.ReflectionDispatch.dispatch(ReflectionDispatch.java:35)
	at org.gradle.messaging.dispatch.ReflectionDispatch.dispatch(ReflectionDispatch.java:24)
	at org.gradle.messaging.remote.internal.hub.MessageHub$Handler.run(MessageHub.java:360)
	at org.gradle.internal.concurrent.ExecutorPolicy$CatchAndRecordFailures.onExecute(ExecutorPolicy.java:54)
	at org.gradle.internal.concurrent.StoppableExecutorImpl$1.run(StoppableExecutorImpl.java:40)
	at java.util.concurrent.ThreadPoolExecutor.runWorker(ThreadPoolExecutor.java:1142)
	at java.util.concurrent.ThreadPoolExecutor$Worker.run(ThreadPoolExecutor.java:617)
	at java.lang.Thread.run(Thread.java:745)
Caused by: java.io.FileNotFoundException: class path resource [org/springframework/social/yahoo/oauth1/accessToken.formencoded] cannot be opened because it does not exist
	at org.springframework.core.io.ClassPathResource.getInputStream(ClassPathResource.java:172)
	at org.springframework.test.web.client.response.DefaultResponseCreator.createResponse(DefaultResponseCreator.java:63)
	at org.springframework.test.web.client.RequestMatcherClientHttpRequest.executeInternal(RequestMatcherClientHttpRequest.java:78)
	at org.springframework.mock.http.client.MockClientHttpRequest.execute(MockClientHttpRequest.java:93)
	at org.springframework.web.client.RestTemplate.doExecute(RestTemplate.java:568)
	... 49 more
</failure>
  </testcase>
  <system-out><![CDATA[10:43:55.055 [Test worker] DEBUG o.s.web.client.RestTemplate - Created POST request for "https://api.login.yahoo.com/oauth/v2/get_token"
10:43:55.058 [Test worker] DEBUG o.s.web.client.RestTemplate - Setting request Accept header to [application/x-www-form-urlencoded, multipart/form-data]
10:43:55.072 [Test worker] DEBUG o.s.web.client.RestTemplate - POST request for "https://api.login.yahoo.com/oauth/v2/get_token" resulted in 200 (OK)
10:43:55.073 [Test worker] DEBUG o.s.web.client.RestTemplate - Reading [org.springframework.util.MultiValueMap] as "application/x-www-form-urlencoded" using [org.springframework.social.oauth1.YahooOAuth1Template$1@51eab8d2]
10:43:55.127 [Test worker] DEBUG o.s.web.client.RestTemplate - Created POST request for "https://api.login.yahoo.com/oauth/v2/get_token"
10:43:55.128 [Test worker] DEBUG o.s.web.client.RestTemplate - Setting request Accept header to [application/x-www-form-urlencoded, multipart/form-data]
10:43:55.128 [Test worker] DEBUG o.s.web.client.RestTemplate - Writing [{oauth_consumer_key=[123456891011121314151617181920], oauth_signature_method=[HMAC-SHA1], oauth_token=[1234567890], oauth_timestamp=[919314350], oauth_nonce=[ef3a091928d5491624c0ac54d697124422705091], oauth_session_handle=[ALKVBsl8DHR1rsAHSwTmAxYIsIGs3l31syRaA_aaF.RDs.MknmVM4P], oauth_version=[1.0]}] using [org.springframework.social.oauth1.YahooOAuth1Template$1@411b7dd3]
]]></system-out>
  <system-err><![CDATA[]]></system-err>
</testsuite>
